This file contains any messages produced by compilers while
running configure, to aid debugging if configure makes a mistake.

It was created by creg configure 2014-02-18, which was
generated by GNU Autoconf 2.69.  Invocation command line was

  $ ./configure 

## --------- ##
## Platform. ##
## --------- ##

hostname = xiaotes-mbp.wv.cc.cmu.edu
uname -m = x86_64
uname -r = 13.4.0
uname -s = Darwin
uname -v = Darwin Kernel Version 13.4.0: Sun Aug 17 19:50:11 PDT 2014; root:xnu-2422.115.4~1/RELEASE_X86_64

/usr/bin/uname -p = i386
/bin/uname -X     = unknown

/bin/arch              = unknown
/usr/bin/arch -k       = unknown
/usr/convex/getsysinfo = unknown
/usr/bin/hostinfo      = Mach kernel version:
	 Darwin Kernel Version 13.4.0: Sun Aug 17 19:50:11 PDT 2014; root:xnu-2422.115.4~1/RELEASE_X86_64
Kernel configured for up to 4 processors.
2 processors are physically available.
4 processors are logically available.
Processor type: i486 (Intel 80486)
Processors active: 0 1 2 3
Primary memory available: 8.00 gigabytes
Default processor set: 183 tasks, 983 threads, 4 processors
Load average: 1.19, Mach factor: 2.80
/bin/machine           = unknown
/usr/bin/oslevel       = unknown
/bin/universe          = unknown

PATH: /Library/Frameworks/Python.framework/Versions/2.7/bin
PATH: /Library/Frameworks/Python.framework/Versions/2.7/bin
PATH: /Library/Frameworks/Python.framework/Versions/2.7/bin
PATH: /Applications/bin
PATH: /Applications/sbin
PATH: /usr/local/mysql/bin
PATH: /usr/local/mysql/bin
PATH: /usr/local/heroku/bin
PATH: /Library/Frameworks/Python.framework/Versions/2.7/bin
PATH: /usr/bin
PATH: /bin
PATH: /usr/sbin
PATH: /sbin
PATH: /usr/local/bin
PATH: /opt/X11/bin
PATH: /usr/local/git/bin
PATH: /usr/texbin


## ----------- ##
## Core tests. ##
## ----------- ##

configure:2397: checking for a BSD-compatible install
configure:2465: result: /usr/bin/install -c
configure:2476: checking whether build environment is sane
configure:2531: result: yes
configure:2682: checking for a thread-safe mkdir -p
configure:2721: result: ./install-sh -c -d
configure:2728: checking for gawk
configure:2758: result: no
configure:2728: checking for mawk
configure:2758: result: no
configure:2728: checking for nawk
configure:2758: result: no
configure:2728: checking for awk
configure:2744: found /usr/bin/awk
configure:2755: result: awk
configure:2766: checking whether make sets $(MAKE)
configure:2788: result: yes
configure:2817: checking whether make supports nested variables
configure:2834: result: yes
configure:2944: checking build system type
configure:2958: result: x86_64-apple-darwin13.4.0
configure:2978: checking host system type
configure:2991: result: x86_64-apple-darwin13.4.0
configure:3032: checking how to print strings
configure:3059: result: printf
configure:3092: checking for style of include used by make
configure:3120: result: GNU
configure:3191: checking for gcc
configure:3207: found /usr/bin/gcc
configure:3218: result: gcc
configure:3447: checking for C compiler version
configure:3456: gcc --version >&5
Apple LLVM version 6.0 (clang-600.0.51) (based on LLVM 3.5svn)
Target: x86_64-apple-darwin13.4.0
Thread model: posix
Configured with: --prefix=/Applications/Xcode.app/Contents/Developer/usr --with-gxx-include-dir=/usr/include/c++/4.2.1
configure:3467: $? = 0
configure:3456: gcc -v >&5
Configured with: --prefix=/Applications/Xcode.app/Contents/Developer/usr --with-gxx-include-dir=/usr/include/c++/4.2.1
Apple LLVM version 6.0 (clang-600.0.51) (based on LLVM 3.5svn)
Target: x86_64-apple-darwin13.4.0
Thread model: posix
configure:3467: $? = 0
configure:3456: gcc -V >&5
clang: error: argument to '-V' is missing (expected 1 value)
clang: error: no input files
configure:3467: $? = 1
configure:3456: gcc -qversion >&5
clang: error: unknown argument: '-qversion'
clang: error: no input files
configure:3467: $? = 1
configure:3487: checking whether the C compiler works
configure:3509: gcc    conftest.c  >&5
configure:3513: $? = 0
configure:3561: result: yes
configure:3564: checking for C compiler default output file name
configure:3566: result: a.out
configure:3572: checking for suffix of executables
configure:3579: gcc -o conftest    conftest.c  >&5
configure:3583: $? = 0
configure:3605: result: 
configure:3627: checking whether we are cross compiling
configure:3635: gcc -o conftest    conftest.c  >&5
configure:3639: $? = 0
configure:3646: ./conftest
configure:3650: $? = 0
configure:3665: result: no
configure:3670: checking for suffix of object files
configure:3692: gcc -c   conftest.c >&5
configure:3696: $? = 0
configure:3717: result: o
configure:3721: checking whether we are using the GNU C compiler
configure:3740: gcc -c   conftest.c >&5
configure:3740: $? = 0
configure:3749: result: yes
configure:3758: checking whether gcc accepts -g
configure:3778: gcc -c -g  conftest.c >&5
configure:3778: $? = 0
configure:3819: result: yes
configure:3836: checking for gcc option to accept ISO C89
configure:3899: gcc  -c -g -O2  conftest.c >&5
configure:3899: $? = 0
configure:3912: result: none needed
configure:3934: checking dependency style of gcc
configure:4045: result: gcc3
configure:4060: checking for a sed that does not truncate output
configure:4124: result: /usr/bin/sed
configure:4142: checking for grep that handles long lines and -e
configure:4200: result: /usr/bin/grep
configure:4205: checking for egrep
configure:4267: result: /usr/bin/grep -E
configure:4272: checking for fgrep
configure:4334: result: /usr/bin/grep -F
configure:4369: checking for ld used by gcc
configure:4436: result: /Applications/Xcode.app/Contents/Developer/Toolchains/XcodeDefault.xctoolchain/usr/bin/ld
configure:4443: checking if the linker (/Applications/Xcode.app/Contents/Developer/Toolchains/XcodeDefault.xctoolchain/usr/bin/ld) is GNU ld
configure:4458: result: no
configure:4470: checking for BSD- or MS-compatible name lister (nm)
configure:4519: result: /usr/bin/nm
configure:4649: checking the name lister (/usr/bin/nm) interface
configure:4656: gcc -c -g -O2  conftest.c >&5
configure:4659: /usr/bin/nm "conftest.o"
configure:4662: output
0000000000000248 S _some_variable
configure:4669: result: BSD nm
configure:4672: checking whether ln -s works
configure:4676: result: yes
configure:4684: checking the maximum length of command line arguments
configure:4814: result: 196608
configure:4831: checking whether the shell understands some XSI constructs
configure:4841: result: yes
configure:4845: checking whether the shell understands "+="
configure:4851: result: yes
configure:4886: checking how to convert x86_64-apple-darwin13.4.0 file names to x86_64-apple-darwin13.4.0 format
configure:4926: result: func_convert_file_noop
configure:4933: checking how to convert x86_64-apple-darwin13.4.0 file names to toolchain format
configure:4953: result: func_convert_file_noop
configure:4960: checking for /Applications/Xcode.app/Contents/Developer/Toolchains/XcodeDefault.xctoolchain/usr/bin/ld option to reload object files
configure:4967: result: -r
configure:5041: checking for objdump
configure:5071: result: no
configure:5100: checking how to recognize dependent libraries
configure:5302: result: pass_all
configure:5387: checking for dlltool
configure:5417: result: no
configure:5447: checking how to associate runtime and link libraries
configure:5474: result: printf %s\n
configure:5535: checking for ar
configure:5551: found /usr/bin/ar
configure:5562: result: ar
configure:5599: checking for archiver @FILE support
configure:5616: gcc -c -g -O2  conftest.c >&5
configure:5616: $? = 0
configure:5619: ar cru libconftest.a @conftest.lst >&5
ar: @conftest.lst: No such file or directory
configure:5622: $? = 1
configure:5642: result: no
configure:5700: checking for strip
configure:5716: found /usr/bin/strip
configure:5727: result: strip
configure:5799: checking for ranlib
configure:5815: found /usr/bin/ranlib
configure:5826: result: ranlib
configure:5928: checking command to parse /usr/bin/nm output from gcc object
configure:6048: gcc -c -g -O2  conftest.c >&5
configure:6051: $? = 0
configure:6055: /usr/bin/nm conftest.o \| sed -n -e 's/^.*[ ]\([BCDEGRST][BCDEGRST]*\)[ ][ ]*\([_A-Za-z][_A-Za-z0-9]*\)$/\1 \2 \2/p' | sed '/ __gnu_lto/d' \> conftest.nm
configure:6058: $? = 0
cannot find nm_test_var in conftest.nm
configure:6048: gcc -c -g -O2  conftest.c >&5
configure:6051: $? = 0
configure:6055: /usr/bin/nm conftest.o \| sed -n -e 's/^.*[ ]\([BCDEGRST][BCDEGRST]*\)[ ][ ]*_\([_A-Za-z][_A-Za-z0-9]*\)$/\1 _\2 \2/p' | sed '/ __gnu_lto/d' \> conftest.nm
configure:6058: $? = 0
configure:6124: gcc -o conftest -g -O2   conftest.c conftstm.o >&5
configure:6127: $? = 0
configure:6165: result: ok
configure:6202: checking for sysroot
configure:6232: result: no
configure:6488: checking for mt
configure:6518: result: no
configure:6538: checking if : is a manifest tool
configure:6544: : '-?'
configure:6552: result: no
configure:6608: checking for dsymutil
configure:6624: found /usr/bin/dsymutil
configure:6635: result: dsymutil
configure:6700: checking for nmedit
configure:6716: found /usr/bin/nmedit
configure:6727: result: nmedit
configure:6792: checking for lipo
configure:6808: found /usr/bin/lipo
configure:6819: result: lipo
configure:6884: checking for otool
configure:6900: found /usr/bin/otool
configure:6911: result: otool
configure:6976: checking for otool64
configure:7006: result: no
configure:7051: checking for -single_module linker flag
gcc -g -O2  -o libconftest.dylib -dynamiclib -Wl,-single_module conftest.c
configure:7084: result: yes
configure:7087: checking for -exported_symbols_list linker flag
configure:7107: gcc -o conftest -g -O2   -Wl,-exported_symbols_list,conftest.sym conftest.c  >&5
configure:7107: $? = 0
configure:7117: result: yes
configure:7120: checking for -force_load linker flag
gcc -g -O2 -c -o conftest.o conftest.c
ar cru libconftest.a conftest.o
ranlib libconftest.a
gcc -g -O2  -o conftest conftest.c -Wl,-force_load,./libconftest.a
configure:7152: result: yes
configure:7194: checking how to run the C preprocessor
configure:7225: gcc -E  conftest.c
configure:7225: $? = 0
configure:7239: gcc -E  conftest.c
conftest.c:11:10: fatal error: 'ac_nonexistent.h' file not found
#include <ac_nonexistent.h>
         ^
1 error generated.
configure:7239: $? = 1
configure: failed program was:
| /* confdefs.h */
| #define PACKAGE_NAME "creg"
| #define PACKAGE_TARNAME "creg"
| #define PACKAGE_VERSION "2014-02-18"
| #define PACKAGE_STRING "creg 2014-02-18"
| #define PACKAGE_BUGREPORT ""
| #define PACKAGE_URL ""
| #define PACKAGE "creg"
| #define VERSION "2014-02-18"
| /* end confdefs.h.  */
| #include <ac_nonexistent.h>
configure:7264: result: gcc -E
configure:7284: gcc -E  conftest.c
configure:7284: $? = 0
configure:7298: gcc -E  conftest.c
conftest.c:11:10: fatal error: 'ac_nonexistent.h' file not found
#include <ac_nonexistent.h>
         ^
1 error generated.
configure:7298: $? = 1
configure: failed program was:
| /* confdefs.h */
| #define PACKAGE_NAME "creg"
| #define PACKAGE_TARNAME "creg"
| #define PACKAGE_VERSION "2014-02-18"
| #define PACKAGE_STRING "creg 2014-02-18"
| #define PACKAGE_BUGREPORT ""
| #define PACKAGE_URL ""
| #define PACKAGE "creg"
| #define VERSION "2014-02-18"
| /* end confdefs.h.  */
| #include <ac_nonexistent.h>
configure:7327: checking for ANSI C header files
configure:7347: gcc -c -g -O2  conftest.c >&5
configure:7347: $? = 0
configure:7420: gcc -o conftest -g -O2   conftest.c  >&5
configure:7420: $? = 0
configure:7420: ./conftest
configure:7420: $? = 0
configure:7431: result: yes
configure:7444: checking for sys/types.h
configure:7444: gcc -c -g -O2  conftest.c >&5
configure:7444: $? = 0
configure:7444: result: yes
configure:7444: checking for sys/stat.h
configure:7444: gcc -c -g -O2  conftest.c >&5
configure:7444: $? = 0
configure:7444: result: yes
configure:7444: checking for stdlib.h
configure:7444: gcc -c -g -O2  conftest.c >&5
configure:7444: $? = 0
configure:7444: result: yes
configure:7444: checking for string.h
configure:7444: gcc -c -g -O2  conftest.c >&5
configure:7444: $? = 0
configure:7444: result: yes
configure:7444: checking for memory.h
configure:7444: gcc -c -g -O2  conftest.c >&5
configure:7444: $? = 0
configure:7444: result: yes
configure:7444: checking for strings.h
configure:7444: gcc -c -g -O2  conftest.c >&5
configure:7444: $? = 0
configure:7444: result: yes
configure:7444: checking for inttypes.h
configure:7444: gcc -c -g -O2  conftest.c >&5
configure:7444: $? = 0
configure:7444: result: yes
configure:7444: checking for stdint.h
configure:7444: gcc -c -g -O2  conftest.c >&5
configure:7444: $? = 0
configure:7444: result: yes
configure:7444: checking for unistd.h
configure:7444: gcc -c -g -O2  conftest.c >&5
configure:7444: $? = 0
configure:7444: result: yes
configure:7458: checking for dlfcn.h
configure:7458: gcc -c -g -O2  conftest.c >&5
configure:7458: $? = 0
configure:7458: result: yes
configure:7664: checking for objdir
configure:7679: result: .libs
configure:7950: checking if gcc supports -fno-rtti -fno-exceptions
configure:7968: gcc -c -g -O2  -fno-rtti -fno-exceptions conftest.c >&5
configure:7972: $? = 0
configure:7985: result: yes
configure:8312: checking for gcc option to produce PIC
configure:8319: result: -fno-common -DPIC
configure:8327: checking if gcc PIC flag -fno-common -DPIC works
configure:8345: gcc -c -g -O2  -fno-common -DPIC -DPIC conftest.c >&5
configure:8349: $? = 0
configure:8362: result: yes
configure:8391: checking if gcc static flag -static works
configure:8419: result: no
configure:8434: checking if gcc supports -c -o file.o
configure:8455: gcc -c -g -O2  -o out/conftest2.o conftest.c >&5
configure:8459: $? = 0
configure:8481: result: yes
configure:8489: checking if gcc supports -c -o file.o
configure:8536: result: yes
configure:8569: checking whether the gcc linker (/Applications/Xcode.app/Contents/Developer/Toolchains/XcodeDefault.xctoolchain/usr/bin/ld) supports shared libraries
configure:9722: result: yes
configure:9962: checking dynamic linker characteristics
configure:10695: result: darwin13.4.0 dyld
configure:10802: checking how to hardcode library paths into programs
configure:10827: result: immediate
configure:11367: checking whether stripping libraries is possible
configure:11381: result: yes
configure:11407: checking if libtool supports shared libraries
configure:11409: result: yes
configure:11412: checking whether to build shared libraries
configure:11433: result: yes
configure:11436: checking whether to build static libraries
configure:11440: result: yes
configure:11526: checking for gcc
configure:11553: result: gcc
configure:11782: checking for C compiler version
configure:11791: gcc --version >&5
Apple LLVM version 6.0 (clang-600.0.51) (based on LLVM 3.5svn)
Target: x86_64-apple-darwin13.4.0
Thread model: posix
Configured with: --prefix=/Applications/Xcode.app/Contents/Developer/usr --with-gxx-include-dir=/usr/include/c++/4.2.1
configure:11802: $? = 0
configure:11791: gcc -v >&5
Configured with: --prefix=/Applications/Xcode.app/Contents/Developer/usr --with-gxx-include-dir=/usr/include/c++/4.2.1
Apple LLVM version 6.0 (clang-600.0.51) (based on LLVM 3.5svn)
Target: x86_64-apple-darwin13.4.0
Thread model: posix
configure:11802: $? = 0
configure:11791: gcc -V >&5
clang: error: argument to '-V' is missing (expected 1 value)
clang: error: no input files
configure:11802: $? = 1
configure:11791: gcc -qversion >&5
clang: error: unknown argument: '-qversion'
clang: error: no input files
configure:11802: $? = 1
configure:11806: checking whether we are using the GNU C compiler
configure:11834: result: yes
configure:11843: checking whether gcc accepts -g
configure:11904: result: yes
configure:11921: checking for gcc option to accept ISO C89
configure:11997: result: none needed
configure:12019: checking dependency style of gcc
configure:12130: result: gcc3
configure:12203: checking for g++
configure:12219: found /usr/bin/g++
configure:12230: result: g++
configure:12257: checking for C++ compiler version
configure:12266: g++ --version >&5
Apple LLVM version 6.0 (clang-600.0.51) (based on LLVM 3.5svn)
Target: x86_64-apple-darwin13.4.0
Thread model: posix
Configured with: --prefix=/Applications/Xcode.app/Contents/Developer/usr --with-gxx-include-dir=/usr/include/c++/4.2.1
configure:12277: $? = 0
configure:12266: g++ -v >&5
Configured with: --prefix=/Applications/Xcode.app/Contents/Developer/usr --with-gxx-include-dir=/usr/include/c++/4.2.1
Apple LLVM version 6.0 (clang-600.0.51) (based on LLVM 3.5svn)
Target: x86_64-apple-darwin13.4.0
Thread model: posix
configure:12277: $? = 0
configure:12266: g++ -V >&5
clang: error: argument to '-V' is missing (expected 1 value)
clang: error: no input files
configure:12277: $? = 1
configure:12266: g++ -qversion >&5
clang: error: unknown argument: '-qversion'
clang: error: no input files
configure:12277: $? = 1
configure:12281: checking whether we are using the GNU C++ compiler
configure:12300: g++ -c   conftest.cpp >&5
configure:12300: $? = 0
configure:12309: result: yes
configure:12318: checking whether g++ accepts -g
configure:12338: g++ -c -g  conftest.cpp >&5
configure:12338: $? = 0
configure:12379: result: yes
configure:12404: checking dependency style of g++
configure:12515: result: gcc3
configure:12548: checking how to run the C++ preprocessor
configure:12575: g++ -E  conftest.cpp
configure:12575: $? = 0
configure:12589: g++ -E  conftest.cpp
conftest.cpp:23:10: fatal error: 'ac_nonexistent.h' file not found
#include <ac_nonexistent.h>
         ^
1 error generated.
configure:12589: $? = 1
configure: failed program was:
| /* confdefs.h */
| #define PACKAGE_NAME "creg"
| #define PACKAGE_TARNAME "creg"
| #define PACKAGE_VERSION "2014-02-18"
| #define PACKAGE_STRING "creg 2014-02-18"
| #define PACKAGE_BUGREPORT ""
| #define PACKAGE_URL ""
| #define PACKAGE "creg"
| #define VERSION "2014-02-18"
| #define STDC_HEADERS 1
| #define HAVE_SYS_TYPES_H 1
| #define HAVE_SYS_STAT_H 1
| #define HAVE_STDLIB_H 1
| #define HAVE_STRING_H 1
| #define HAVE_MEMORY_H 1
| #define HAVE_STRINGS_H 1
| #define HAVE_INTTYPES_H 1
| #define HAVE_STDINT_H 1
| #define HAVE_UNISTD_H 1
| #define HAVE_DLFCN_H 1
| #define LT_OBJDIR ".libs/"
| /* end confdefs.h.  */
| #include <ac_nonexistent.h>
configure:12614: result: g++ -E
configure:12634: g++ -E  conftest.cpp
configure:12634: $? = 0
configure:12648: g++ -E  conftest.cpp
conftest.cpp:23:10: fatal error: 'ac_nonexistent.h' file not found
#include <ac_nonexistent.h>
         ^
1 error generated.
configure:12648: $? = 1
configure: failed program was:
| /* confdefs.h */
| #define PACKAGE_NAME "creg"
| #define PACKAGE_TARNAME "creg"
| #define PACKAGE_VERSION "2014-02-18"
| #define PACKAGE_STRING "creg 2014-02-18"
| #define PACKAGE_BUGREPORT ""
| #define PACKAGE_URL ""
| #define PACKAGE "creg"
| #define VERSION "2014-02-18"
| #define STDC_HEADERS 1
| #define HAVE_SYS_TYPES_H 1
| #define HAVE_SYS_STAT_H 1
| #define HAVE_STDLIB_H 1
| #define HAVE_STRING_H 1
| #define HAVE_MEMORY_H 1
| #define HAVE_STRINGS_H 1
| #define HAVE_INTTYPES_H 1
| #define HAVE_STDINT_H 1
| #define HAVE_UNISTD_H 1
| #define HAVE_DLFCN_H 1
| #define LT_OBJDIR ".libs/"
| /* end confdefs.h.  */
| #include <ac_nonexistent.h>
configure:12817: checking for ld used by g++
configure:12884: result: /Applications/Xcode.app/Contents/Developer/Toolchains/XcodeDefault.xctoolchain/usr/bin/ld
configure:12891: checking if the linker (/Applications/Xcode.app/Contents/Developer/Toolchains/XcodeDefault.xctoolchain/usr/bin/ld) is GNU ld
configure:12906: result: no
configure:12961: checking whether the g++ linker (/Applications/Xcode.app/Contents/Developer/Toolchains/XcodeDefault.xctoolchain/usr/bin/ld) supports shared libraries
configure:13966: result: yes
configure:14002: g++ -c -g -O2  conftest.cpp >&5
configure:14005: $? = 0
configure:14525: checking for g++ option to produce PIC
configure:14532: result: -fno-common -DPIC
configure:14540: checking if g++ PIC flag -fno-common -DPIC works
configure:14558: g++ -c -g -O2  -fno-common -DPIC -DPIC conftest.cpp >&5
configure:14562: $? = 0
configure:14575: result: yes
configure:14598: checking if g++ static flag -static works
configure:14626: result: no
configure:14638: checking if g++ supports -c -o file.o
configure:14659: g++ -c -g -O2  -o out/conftest2.o conftest.cpp >&5
configure:14663: $? = 0
configure:14685: result: yes
configure:14690: checking if g++ supports -c -o file.o
configure:14737: result: yes
configure:14767: checking whether the g++ linker (/Applications/Xcode.app/Contents/Developer/Toolchains/XcodeDefault.xctoolchain/usr/bin/ld) supports shared libraries
configure:14803: result: yes
configure:14944: checking dynamic linker characteristics
configure:15611: result: darwin13.4.0 dyld
configure:15664: checking how to hardcode library paths into programs
configure:15689: result: immediate
configure:15737: checking whether g++ supports C++11 features by default
configure:15763: g++ -c   conftest.cpp >&5
conftest.cpp:27:21: error: expected parameter declarator
      static_assert(sizeof(int) <= sizeof(T), "not big enough");
                    ^
conftest.cpp:27:21: error: expected ')'
conftest.cpp:27:20: note: to match this '('
      static_assert(sizeof(int) <= sizeof(T), "not big enough");
                   ^
conftest.cpp:27:7: error: C++ requires a type specifier for all declarations
      static_assert(sizeof(int) <= sizeof(T), "not big enough");
      ^~~~~~~~~~~~~
conftest.cpp:30:29: error: a space is required between consecutive right angle brackets (use '> >')
    typedef check<check<bool>> right_angle_brackets;
                            ^~
                            > >
conftest.cpp:33:5: error: unknown type name 'decltype'
    decltype(a) b;
    ^
conftest.cpp:33:16: error: expected ';' after top level declarator
    decltype(a) b;
               ^
               ;
conftest.cpp:37:15: warning: rvalue references are a C++11 extension [-Wc++11-extensions]
    check_type&& cr = static_cast<check_type&&>(c);
              ^
conftest.cpp:37:45: warning: rvalue references are a C++11 extension [-Wc++11-extensions]
    check_type&& cr = static_cast<check_type&&>(c);
                                            ^
conftest.cpp:39:5: warning: 'auto' type specifier is a C++11 extension [-Wc++11-extensions]
    auto d = a;
    ^
3 warnings and 6 errors generated.
configure:15763: $? = 1
configure: failed program was:
| /* confdefs.h */
| #define PACKAGE_NAME "creg"
| #define PACKAGE_TARNAME "creg"
| #define PACKAGE_VERSION "2014-02-18"
| #define PACKAGE_STRING "creg 2014-02-18"
| #define PACKAGE_BUGREPORT ""
| #define PACKAGE_URL ""
| #define PACKAGE "creg"
| #define VERSION "2014-02-18"
| #define STDC_HEADERS 1
| #define HAVE_SYS_TYPES_H 1
| #define HAVE_SYS_STAT_H 1
| #define HAVE_STDLIB_H 1
| #define HAVE_STRING_H 1
| #define HAVE_MEMORY_H 1
| #define HAVE_STRINGS_H 1
| #define HAVE_INTTYPES_H 1
| #define HAVE_STDINT_H 1
| #define HAVE_UNISTD_H 1
| #define HAVE_DLFCN_H 1
| #define LT_OBJDIR ".libs/"
| /* end confdefs.h.  */
| 
|   template <typename T>
|     struct check
|     {
|       static_assert(sizeof(int) <= sizeof(T), "not big enough");
|     };
| 
|     typedef check<check<bool>> right_angle_brackets;
| 
|     int a;
|     decltype(a) b;
| 
|     typedef check<int> check_type;
|     check_type c;
|     check_type&& cr = static_cast<check_type&&>(c);
| 
|     auto d = a;
| 
configure:15770: result: no
configure:15780: checking whether g++ supports C++11 features with -std=gnu++11
configure:15808: g++ -c  -std=gnu++11  conftest.cpp >&5
configure:15808: $? = 0
configure:15817: result: yes
configure: this is boost.m4 serial 18
configure:15949: checking for Boost headers version >= 1.44.0
configure:16020: g++ -c   conftest.cpp >&5
conftest.cpp:24:10: fatal error: 'boost/version.hpp' file not found
#include <boost/version.hpp>
         ^
1 error generated.
configure:16020: $? = 1
configure: failed program was:
| /* confdefs.h */
| #define PACKAGE_NAME "creg"
| #define PACKAGE_TARNAME "creg"
| #define PACKAGE_VERSION "2014-02-18"
| #define PACKAGE_STRING "creg 2014-02-18"
| #define PACKAGE_BUGREPORT ""
| #define PACKAGE_URL ""
| #define PACKAGE "creg"
| #define VERSION "2014-02-18"
| #define STDC_HEADERS 1
| #define HAVE_SYS_TYPES_H 1
| #define HAVE_SYS_STAT_H 1
| #define HAVE_STDLIB_H 1
| #define HAVE_STRING_H 1
| #define HAVE_MEMORY_H 1
| #define HAVE_STRINGS_H 1
| #define HAVE_INTTYPES_H 1
| #define HAVE_STDINT_H 1
| #define HAVE_UNISTD_H 1
| #define HAVE_DLFCN_H 1
| #define LT_OBJDIR ".libs/"
| #define HAVE_CXX11 1
| /* end confdefs.h.  */
| #include <boost/version.hpp>
| #if !defined BOOST_VERSION
| # error BOOST_VERSION is not defined
| #elif BOOST_VERSION < 104400
| # error Boost headers version < 104400
| #endif
| 
| int
| main ()
| {
| 
|   ;
|   return 0;
| }
configure:16041: result: no
configure:16046: error: cannot find Boost headers version >= 1.44.0

## ---------------- ##
## Cache variables. ##
## ---------------- ##

ac_cv_build=x86_64-apple-darwin13.4.0
ac_cv_c_compiler_gnu=yes
ac_cv_cxx_compiler_gnu=yes
ac_cv_env_BOOST_ROOT_set=
ac_cv_env_BOOST_ROOT_value=
ac_cv_env_CCC_set=
ac_cv_env_CCC_value=
ac_cv_env_CC_set=
ac_cv_env_CC_value=
ac_cv_env_CFLAGS_set=
ac_cv_env_CFLAGS_value=
ac_cv_env_CPPFLAGS_set=
ac_cv_env_CPPFLAGS_value=
ac_cv_env_CPP_set=
ac_cv_env_CPP_value=
ac_cv_env_CXXCPP_set=
ac_cv_env_CXXCPP_value=
ac_cv_env_CXXFLAGS_set=
ac_cv_env_CXXFLAGS_value=
ac_cv_env_CXX_set=
ac_cv_env_CXX_value=
ac_cv_env_LDFLAGS_set=
ac_cv_env_LDFLAGS_value=
ac_cv_env_LIBS_set=
ac_cv_env_LIBS_value=
ac_cv_env_build_alias_set=
ac_cv_env_build_alias_value=
ac_cv_env_host_alias_set=
ac_cv_env_host_alias_value=
ac_cv_env_target_alias_set=
ac_cv_env_target_alias_value=
ac_cv_header_dlfcn_h=yes
ac_cv_header_inttypes_h=yes
ac_cv_header_memory_h=yes
ac_cv_header_stdc=yes
ac_cv_header_stdint_h=yes
ac_cv_header_stdlib_h=yes
ac_cv_header_string_h=yes
ac_cv_header_strings_h=yes
ac_cv_header_sys_stat_h=yes
ac_cv_header_sys_types_h=yes
ac_cv_header_unistd_h=yes
ac_cv_host=x86_64-apple-darwin13.4.0
ac_cv_objext=o
ac_cv_path_EGREP='/usr/bin/grep -E'
ac_cv_path_FGREP='/usr/bin/grep -F'
ac_cv_path_GREP=/usr/bin/grep
ac_cv_path_SED=/usr/bin/sed
ac_cv_path_install='/usr/bin/install -c'
ac_cv_prog_AWK=awk
ac_cv_prog_CPP='gcc -E'
ac_cv_prog_CXXCPP='g++ -E'
ac_cv_prog_ac_ct_AR=ar
ac_cv_prog_ac_ct_CC=gcc
ac_cv_prog_ac_ct_CXX=g++
ac_cv_prog_ac_ct_DSYMUTIL=dsymutil
ac_cv_prog_ac_ct_LIPO=lipo
ac_cv_prog_ac_ct_NMEDIT=nmedit
ac_cv_prog_ac_ct_OTOOL=otool
ac_cv_prog_ac_ct_RANLIB=ranlib
ac_cv_prog_ac_ct_STRIP=strip
ac_cv_prog_cc_c89=
ac_cv_prog_cc_g=yes
ac_cv_prog_cxx_g=yes
ac_cv_prog_make_make_set=yes
am_cv_CC_dependencies_compiler_type=gcc3
am_cv_CXX_dependencies_compiler_type=gcc3
am_cv_make_support_nested_variables=yes
ax_cv_cxx_compile_cxx11=no
ax_cv_cxx_compile_cxx11__std_gnupp11=yes
boost_cv_inc_path=no
boost_cv_version=no
lt_cv_apple_cc_single_mod=yes
lt_cv_ar_at_file=no
lt_cv_deplibs_check_method=pass_all
lt_cv_file_magic_cmd='$MAGIC_CMD'
lt_cv_file_magic_test_file=
lt_cv_ld_exported_symbols_list=yes
lt_cv_ld_force_load=yes
lt_cv_ld_reload_flag=-r
lt_cv_nm_interface='BSD nm'
lt_cv_objdir=.libs
lt_cv_path_LD=/Applications/Xcode.app/Contents/Developer/Toolchains/XcodeDefault.xctoolchain/usr/bin/ld
lt_cv_path_LDCXX=/Applications/Xcode.app/Contents/Developer/Toolchains/XcodeDefault.xctoolchain/usr/bin/ld
lt_cv_path_NM=/usr/bin/nm
lt_cv_path_mainfest_tool=no
lt_cv_prog_compiler_c_o=yes
lt_cv_prog_compiler_c_o_CXX=yes
lt_cv_prog_compiler_pic='-fno-common -DPIC'
lt_cv_prog_compiler_pic_CXX='-fno-common -DPIC'
lt_cv_prog_compiler_pic_works=yes
lt_cv_prog_compiler_pic_works_CXX=yes
lt_cv_prog_compiler_rtti_exceptions=yes
lt_cv_prog_compiler_static_works=no
lt_cv_prog_compiler_static_works_CXX=no
lt_cv_prog_gnu_ld=no
lt_cv_prog_gnu_ldcxx=no
lt_cv_sharedlib_from_linklib_cmd='printf %s\n'
lt_cv_sys_global_symbol_pipe='sed -n -e '\''s/^.*[	 ]\([BCDEGRST][BCDEGRST]*\)[	 ][	 ]*_\([_A-Za-z][_A-Za-z0-9]*\)$/\1 _\2 \2/p'\'' | sed '\''/ __gnu_lto/d'\'''
lt_cv_sys_global_symbol_to_c_name_address='sed -n -e '\''s/^: \([^ ]*\)[ ]*$/  {\"\1\", (void *) 0},/p'\'' -e '\''s/^[BCDEGRST]* \([^ ]*\) \([^ ]*\)$/  {"\2", (void *) \&\2},/p'\'''
lt_cv_sys_global_symbol_to_c_name_address_lib_prefix='sed -n -e '\''s/^: \([^ ]*\)[ ]*$/  {\"\1\", (void *) 0},/p'\'' -e '\''s/^[BCDEGRST]* \([^ ]*\) \(lib[^ ]*\)$/  {"\2", (void *) \&\2},/p'\'' -e '\''s/^[BCDEGRST]* \([^ ]*\) \([^ ]*\)$/  {"lib\2", (void *) \&\2},/p'\'''
lt_cv_sys_global_symbol_to_cdecl='sed -n -e '\''s/^T .* \(.*\)$/extern int \1();/p'\'' -e '\''s/^[BCDEGRST]* .* \(.*\)$/extern char \1;/p'\'''
lt_cv_sys_max_cmd_len=196608
lt_cv_to_host_file_cmd=func_convert_file_noop
lt_cv_to_tool_file_cmd=func_convert_file_noop

## ----------------- ##
## Output variables. ##
## ----------------- ##

ACLOCAL='${SHELL} /Users/Xiaote/Documents/Study/CMU/10701/stock_project/src/creg-2014-02-18/missing aclocal-1.13'
AMDEPBACKSLASH='\'
AMDEP_FALSE='#'
AMDEP_TRUE=''
AMTAR='$${TAR-tar}'
AM_BACKSLASH='\'
AM_DEFAULT_V='$(AM_DEFAULT_VERBOSITY)'
AM_DEFAULT_VERBOSITY='1'
AM_V='$(V)'
AR='ar'
AUTOCONF='${SHELL} /Users/Xiaote/Documents/Study/CMU/10701/stock_project/src/creg-2014-02-18/missing autoconf'
AUTOHEADER='${SHELL} /Users/Xiaote/Documents/Study/CMU/10701/stock_project/src/creg-2014-02-18/missing autoheader'
AUTOMAKE='${SHELL} /Users/Xiaote/Documents/Study/CMU/10701/stock_project/src/creg-2014-02-18/missing automake-1.13'
AWK='awk'
BOOST_CPPFLAGS=''
BOOST_LDPATH=''
BOOST_PROGRAM_OPTIONS_LDFLAGS=''
BOOST_PROGRAM_OPTIONS_LDPATH=''
BOOST_PROGRAM_OPTIONS_LIBS=''
BOOST_ROOT=''
CC='gcc'
CCDEPMODE='depmode=gcc3'
CFLAGS='-g -O2'
CPP='gcc -E'
CPPFLAGS=''
CXX11_SWITCH='-std=gnu++11'
CXX='g++'
CXXCPP='g++ -E'
CXXDEPMODE='depmode=gcc3'
CXXFLAGS=''
CYGPATH_W='echo'
DEFS=''
DEPDIR='.deps'
DISTCHECK_CONFIGURE_FLAGS=' '\''--with-boost='\'''
DLLTOOL='false'
DSYMUTIL='dsymutil'
DUMPBIN=''
ECHO_C='\c'
ECHO_N=''
ECHO_T=''
EGREP='/usr/bin/grep -E'
EXEEXT=''
FGREP='/usr/bin/grep -F'
GREP='/usr/bin/grep'
HAVE_CXX11='1'
HAVE_CXX11_FALSE='#'
HAVE_CXX11_TRUE=''
INSTALL_DATA='${INSTALL} -m 644'
INSTALL_PROGRAM='${INSTALL}'
INSTALL_SCRIPT='${INSTALL}'
INSTALL_STRIP_PROGRAM='$(install_sh) -c -s'
LD='/Applications/Xcode.app/Contents/Developer/Toolchains/XcodeDefault.xctoolchain/usr/bin/ld'
LDFLAGS=''
LIBOBJS=''
LIBS=''
LIBTOOL='$(SHELL) $(top_builddir)/libtool'
LIPO='lipo'
LN_S='ln -s'
LTLIBOBJS=''
MAKEINFO='${SHELL} /Users/Xiaote/Documents/Study/CMU/10701/stock_project/src/creg-2014-02-18/missing makeinfo'
MANIFEST_TOOL=':'
MKDIR_P='./install-sh -c -d'
NM='/usr/bin/nm'
NMEDIT='nmedit'
OBJDUMP='false'
OBJEXT='o'
OTOOL64=':'
OTOOL='otool'
PACKAGE='creg'
PACKAGE_BUGREPORT=''
PACKAGE_NAME='creg'
PACKAGE_STRING='creg 2014-02-18'
PACKAGE_TARNAME='creg'
PACKAGE_URL=''
PACKAGE_VERSION='2014-02-18'
PATH_SEPARATOR=':'
RANLIB='ranlib'
SED='/usr/bin/sed'
SET_MAKE=''
SHELL='/bin/sh'
STRIP='strip'
VERSION='2014-02-18'
ac_ct_AR='ar'
ac_ct_CC='gcc'
ac_ct_CXX='g++'
ac_ct_DUMPBIN=''
am__EXEEXT_FALSE=''
am__EXEEXT_TRUE=''
am__fastdepCC_FALSE='#'
am__fastdepCC_TRUE=''
am__fastdepCXX_FALSE='#'
am__fastdepCXX_TRUE=''
am__include='include'
am__isrc=''
am__leading_dot='.'
am__nodep='_no'
am__quote=''
am__tar='$${TAR-tar} chof - "$$tardir"'
am__untar='$${TAR-tar} xf -'
bindir='${exec_prefix}/bin'
build='x86_64-apple-darwin13.4.0'
build_alias=''
build_cpu='x86_64'
build_os='darwin13.4.0'
build_vendor='apple'
datadir='${datarootdir}'
datarootdir='${prefix}/share'
docdir='${datarootdir}/doc/${PACKAGE_TARNAME}'
dvidir='${docdir}'
exec_prefix='NONE'
host='x86_64-apple-darwin13.4.0'
host_alias=''
host_cpu='x86_64'
host_os='darwin13.4.0'
host_vendor='apple'
htmldir='${docdir}'
includedir='${prefix}/include'
infodir='${datarootdir}/info'
install_sh='${SHELL} /Users/Xiaote/Documents/Study/CMU/10701/stock_project/src/creg-2014-02-18/install-sh'
libdir='${exec_prefix}/lib'
libexecdir='${exec_prefix}/libexec'
localedir='${datarootdir}/locale'
localstatedir='${prefix}/var'
mandir='${datarootdir}/man'
mkdir_p='$(MKDIR_P)'
oldincludedir='/usr/include'
pdfdir='${docdir}'
prefix='NONE'
program_transform_name='s,x,x,'
psdir='${docdir}'
sbindir='${exec_prefix}/sbin'
sharedstatedir='${prefix}/com'
sysconfdir='${prefix}/etc'
target_alias=''

## ----------- ##
## confdefs.h. ##
## ----------- ##

/* confdefs.h */
#define PACKAGE_NAME "creg"
#define PACKAGE_TARNAME "creg"
#define PACKAGE_VERSION "2014-02-18"
#define PACKAGE_STRING "creg 2014-02-18"
#define PACKAGE_BUGREPORT ""
#define PACKAGE_URL ""
#define PACKAGE "creg"
#define VERSION "2014-02-18"
#define STDC_HEADERS 1
#define HAVE_SYS_TYPES_H 1
#define HAVE_SYS_STAT_H 1
#define HAVE_STDLIB_H 1
#define HAVE_STRING_H 1
#define HAVE_MEMORY_H 1
#define HAVE_STRINGS_H 1
#define HAVE_INTTYPES_H 1
#define HAVE_STDINT_H 1
#define HAVE_UNISTD_H 1
#define HAVE_DLFCN_H 1
#define LT_OBJDIR ".libs/"
#define HAVE_CXX11 1

configure: exit 1
